<?xml version="1.0" encoding="UTF-8"?>
<!-- Generated by org.testng.reporters.JUnitReportReporter -->
<testsuite skipped="0" hostname="DESKTOP-927778E" name="com.houseAPIWithRestAssured.HouseApiTestEmptyResults" tests="1" failures="0" timestamp="2022-06-05T19:23:12 CEST" time="2.071" errors="0">
  <testcase name="houseApi" time="2.071" classname="com.houseAPIWithRestAssured.HouseApiTestEmptyResults"/>
  <system-out/>
</testsuite> <!-- com.houseAPIWithRestAssured.HouseApiTestEmptyResults -->
