<?xml version="1.0" encoding="UTF-8"?>
<!-- Generated by org.testng.reporters.JUnitReportReporter -->
<testsuite skipped="0" hostname="DESKTOP-927778E" name="com.houseAPIWithRestAssured.HouseApiTestResults" tests="1" failures="0" timestamp="2022-06-05T20:41:47 CEST" time="3.433" errors="0">
  <testcase name="houseApi" time="3.433" classname="com.houseAPIWithRestAssured.HouseApiTestResults"/>
  <system-out/>
</testsuite> <!-- com.houseAPIWithRestAssured.HouseApiTestResults -->
