<?xml version="1.0" encoding="UTF-8"?>
<!-- Generated by org.testng.reporters.JUnitReportReporter -->
<testsuite hostname="DESKTOP-927778E" failures="0" tests="1" name="com.houseAPIWithRestAssured.HouseApiTest" time="1.266" errors="0" timestamp="2022-06-05T18:36:46 CEST" skipped="0">
  <testcase classname="com.houseAPIWithRestAssured.HouseApiTest" name="houseApi" time="1.266"/>
  <system-out/>
</testsuite> <!-- com.houseAPIWithRestAssured.HouseApiTest -->
