<?xml version="1.0" encoding="UTF-8"?>
<!-- Generated by org.testng.reporters.JUnitReportReporter -->
<testsuite skipped="0" hostname="tjankulovski" name="getRequest.GetValuesHamcrest" tests="1" failures="0" timestamp="18 Nov 2018 18:25:48 GMT" time="0.556" errors="0">
  <testcase name="testValues" time="0.556" classname="getRequest.GetValuesHamcrest"/>
</testsuite> <!-- getRequest.GetValuesHamcrest -->
