<?xml version="1.0" encoding="UTF-8"?>
<!-- Generated by org.testng.reporters.JUnitReportReporter -->
<testsuite skipped="0" hostname="tjankulovski" name="getRequest.GetValues" tests="5" failures="0" timestamp="16 Nov 2018 21:20:13 GMT" time="18.871" errors="0">
  <testcase name="testCanRelist" time="5.868" classname="getRequest.GetValues"/>
  <testcase name="testAllValues" time="5.024" classname="getRequest.GetValues"/>
  <testcase name="testName" time="2.354" classname="getRequest.GetValues"/>
  <testcase name="testResponse" time="3.210" classname="getRequest.GetValues"/>
  <testcase name="testGalleryDescription" time="2.415" classname="getRequest.GetValues"/>
</testsuite> <!-- getRequest.GetValues -->
