<?xml version="1.0" encoding="UTF-8"?>
<!-- Generated by org.testng.reporters.JUnitReportReporter -->
<testsuite skipped="0" hostname="tjankulovski" name="getRequest.GetValuesJsonPath" tests="1" failures="0" timestamp="18 Nov 2018 19:38:39 GMT" time="0.715" errors="0">
  <testcase name="testValues" time="0.715" classname="getRequest.GetValuesJsonPath"/>
</testsuite> <!-- getRequest.GetValuesJsonPath -->
