<?xml version="1.0" encoding="UTF-8"?>
<!-- Generated by org.testng.reporters.JUnitReportReporter -->
<testsuite skipped="0" hostname="tjankulovski" name="getRequest.GetValuesHamcrestMatch" tests="5" failures="0" timestamp="18 Nov 2018 19:14:29 GMT" time="14.664" errors="0">
  <testcase name="testOnlyCanRelist" time="2.450" classname="getRequest.GetValuesHamcrestMatch"/>
  <testcase name="testAllValuesInOneTest" time="4.840" classname="getRequest.GetValuesHamcrestMatch"/>
  <testcase name="testOnlyName" time="2.256" classname="getRequest.GetValuesHamcrestMatch"/>
  <testcase name="testOnlyGalleryDescription" time="2.377" classname="getRequest.GetValuesHamcrestMatch"/>
  <testcase name="testOnlyResponse" time="2.741" classname="getRequest.GetValuesHamcrestMatch"/>
</testsuite> <!-- getRequest.GetValuesHamcrestMatch -->
