<?xml version="1.0" encoding="UTF-8"?>
<!-- Generated by org.testng.reporters.JUnitReportReporter -->
<testsuite skipped="0" hostname="tjankulovski" name="getRequest.GetData" tests="2" failures="0" timestamp="18 Nov 2018 16:57:03 GMT" time="6.615" errors="0">
  <testcase name="testResponse" time="3.970" classname="getRequest.GetData"/>
  <testcase name="testValues" time="2.645" classname="getRequest.GetData"/>
</testsuite> <!-- getRequest.GetData -->
